
> @bluefish-js/solid@0.0.9 build-storybook /Users/jmp/rockfish-again
> storybook build "--output-dir" "/var/folders/b4/8rd3hr7j13vdx2xvgxs4rwjm0000gn/T/chromatic--16704-7B5A72nHS7HD"

@storybook/cli v7.4.4

info => Cleaning outputDir: /var/folders/b4/8rd3hr7j13vdx2xvgxs4rwjm0000gn/T/chromatic--16704-7B5A72nHS7HD
info => Loading presets
info => Building manager..
info => Manager built (235 ms)
info => Copying static files: /Users/jmp/rockfish-again/node_modules/.pnpm/@storybook+manager@7.4.4/node_modules/@storybook/manager/static at /var/folders/b4/8rd3hr7j13vdx2xvgxs4rwjm0000gn/T/chromatic--16704-7B5A72nHS7HD/sb-common-assets
vite v4.3.9 building for production...

./sb-common-assets/fonts.css doesn't exist at build time, it will remain unchanged to be resolved at runtime
transforming...
node_modules/.pnpm/telejson@7.2.0/node_modules/telejson/dist/index.mjs (1413:15) Use of eval in "node_modules/.pnpm/telejson@7.2.0/node_modules/telejson/dist/index.mjs" is strongly discouraged as it poses security risks and may cause issues with minification.
node_modules/.pnpm/telejson@7.2.0/node_modules/telejson/dist/index.mjs (1416:18) Use of eval in "node_modules/.pnpm/telejson@7.2.0/node_modules/telejson/dist/index.mjs" is strongly discouraged as it poses security risks and may cause issues with minification.
✓ 1269 modules transformed.
rendering chunks...
computing gzip size...
../../../var/folders/b4/8rd3hr7j13vdx2xvgxs4rwjm0000gn/T/chromatic--16704-7B5A72nHS7HD/assets/youtube-9f26eb0b.svg                           0.72 kB │ gzip:   0.36 kB
../../../var/folders/b4/8rd3hr7j13vdx2xvgxs4rwjm0000gn/T/chromatic--16704-7B5A72nHS7HD/assets/tutorials-adff6365.svg                         1.27 kB │ gzip:   0.63 kB
../../../var/folders/b4/8rd3hr7j13vdx2xvgxs4rwjm0000gn/T/chromatic--16704-7B5A72nHS7HD/assets/discord-f7d1b78c.svg                           2.41 kB │ gzip:   1.15 kB
../../../var/folders/b4/8rd3hr7j13vdx2xvgxs4rwjm0000gn/T/chromatic--16704-7B5A72nHS7HD/assets/github-cdfc3270.svg                            2.72 kB │ gzip:   1.28 kB
../../../var/folders/b4/8rd3hr7j13vdx2xvgxs4rwjm0000gn/T/chromatic--16704-7B5A72nHS7HD/assets/context-c612d889.png                           6.12 kB
../../../var/folders/b4/8rd3hr7j13vdx2xvgxs4rwjm0000gn/T/chromatic--16704-7B5A72nHS7HD/assets/styling-c83082e0.png                           7.24 kB
../../../var/folders/b4/8rd3hr7j13vdx2xvgxs4rwjm0000gn/T/chromatic--16704-7B5A72nHS7HD/iframe.html                                          12.71 kB │ gzip:   3.57 kB
../../../var/folders/b4/8rd3hr7j13vdx2xvgxs4rwjm0000gn/T/chromatic--16704-7B5A72nHS7HD/assets/docs-5b0c7100.png                             27.88 kB
../../../var/folders/b4/8rd3hr7j13vdx2xvgxs4rwjm0000gn/T/chromatic--16704-7B5A72nHS7HD/assets/share-b59d6c77.png                            40.77 kB
../../../var/folders/b4/8rd3hr7j13vdx2xvgxs4rwjm0000gn/T/chromatic--16704-7B5A72nHS7HD/assets/accessibility-cd6d60f7.png                    42.34 kB
../../../var/folders/b4/8rd3hr7j13vdx2xvgxs4rwjm0000gn/T/chromatic--16704-7B5A72nHS7HD/assets/figma-plugin-b0a5ad2d.png                     44.25 kB
../../../var/folders/b4/8rd3hr7j13vdx2xvgxs4rwjm0000gn/T/chromatic--16704-7B5A72nHS7HD/assets/theming-b6e819c3.png                          44.37 kB
../../../var/folders/b4/8rd3hr7j13vdx2xvgxs4rwjm0000gn/T/chromatic--16704-7B5A72nHS7HD/assets/testing-6a59f681.png                          49.31 kB
../../../var/folders/b4/8rd3hr7j13vdx2xvgxs4rwjm0000gn/T/chromatic--16704-7B5A72nHS7HD/assets/addon-library-bc7ba705.png                   467.37 kB
../../../var/folders/b4/8rd3hr7j13vdx2xvgxs4rwjm0000gn/T/chromatic--16704-7B5A72nHS7HD/assets/Header-a6911580.css                            0.51 kB │ gzip:   0.31 kB
../../../var/folders/b4/8rd3hr7j13vdx2xvgxs4rwjm0000gn/T/chromatic--16704-7B5A72nHS7HD/assets/Button-bc1a867b.css                            0.52 kB │ gzip:   0.29 kB
../../../var/folders/b4/8rd3hr7j13vdx2xvgxs4rwjm0000gn/T/chromatic--16704-7B5A72nHS7HD/assets/Page.stories-ece1482a.css                      0.93 kB │ gzip:   0.39 kB
../../../var/folders/b4/8rd3hr7j13vdx2xvgxs4rwjm0000gn/T/chromatic--16704-7B5A72nHS7HD/assets/preview-1e5c59db.js                            0.19 kB │ gzip:   0.19 kB │ map:     0.54 kB
../../../var/folders/b4/8rd3hr7j13vdx2xvgxs4rwjm0000gn/T/chromatic--16704-7B5A72nHS7HD/assets/WithTooltip-J57HCPYA-a92846ce.js               0.37 kB │ gzip:   0.24 kB │ map:     0.11 kB
../../../var/folders/b4/8rd3hr7j13vdx2xvgxs4rwjm0000gn/T/chromatic--16704-7B5A72nHS7HD/assets/syntaxhighlighter-PONEFOSF-3d0f0e44.js         0.38 kB │ gzip:   0.26 kB │ map:     0.12 kB
../../../var/folders/b4/8rd3hr7j13vdx2xvgxs4rwjm0000gn/T/chromatic--16704-7B5A72nHS7HD/assets/index-87930978.js                              0.40 kB │ gzip:   0.26 kB │ map:     0.10 kB
../../../var/folders/b4/8rd3hr7j13vdx2xvgxs4rwjm0000gn/T/chromatic--16704-7B5A72nHS7HD/assets/preview-beadca76.js                            0.47 kB │ gzip:   0.31 kB │ map:     0.62 kB
../../../var/folders/b4/8rd3hr7j13vdx2xvgxs4rwjm0000gn/T/chromatic--16704-7B5A72nHS7HD/assets/index-49e60cc2.js                              0.53 kB │ gzip:   0.34 kB │ map:     4.32 kB
../../../var/folders/b4/8rd3hr7j13vdx2xvgxs4rwjm0000gn/T/chromatic--16704-7B5A72nHS7HD/assets/Button-d49c6b21.js                             0.65 kB │ gzip:   0.37 kB │ map:     2.23 kB
../../../var/folders/b4/8rd3hr7j13vdx2xvgxs4rwjm0000gn/T/chromatic--16704-7B5A72nHS7HD/assets/preview-87eac49b.js                            0.68 kB │ gzip:   0.48 kB │ map:     4.11 kB
../../../var/folders/b4/8rd3hr7j13vdx2xvgxs4rwjm0000gn/T/chromatic--16704-7B5A72nHS7HD/assets/_commonjsHelpers-042e6b4d.js                   0.78 kB │ gzip:   0.44 kB │ map:     0.11 kB
../../../var/folders/b4/8rd3hr7j13vdx2xvgxs4rwjm0000gn/T/chromatic--16704-7B5A72nHS7HD/assets/index-356e4a49.js                              0.81 kB │ gzip:   0.51 kB │ map:     3.28 kB
../../../var/folders/b4/8rd3hr7j13vdx2xvgxs4rwjm0000gn/T/chromatic--16704-7B5A72nHS7HD/assets/Header.stories-82bf292d.js                     0.81 kB │ gzip:   0.44 kB │ map:     0.11 kB
../../../var/folders/b4/8rd3hr7j13vdx2xvgxs4rwjm0000gn/T/chromatic--16704-7B5A72nHS7HD/assets/preview-b3c37142.js                            0.90 kB │ gzip:   0.59 kB │ map:     3.02 kB
../../../var/folders/b4/8rd3hr7j13vdx2xvgxs4rwjm0000gn/T/chromatic--16704-7B5A72nHS7HD/assets/Header-8c00b133.js                             1.16 kB │ gzip:   0.66 kB │ map:     2.83 kB
../../../var/folders/b4/8rd3hr7j13vdx2xvgxs4rwjm0000gn/T/chromatic--16704-7B5A72nHS7HD/assets/Button.stories-d6a7d19a.js                     1.44 kB │ gzip:   0.55 kB │ map:     0.13 kB
../../../var/folders/b4/8rd3hr7j13vdx2xvgxs4rwjm0000gn/T/chromatic--16704-7B5A72nHS7HD/assets/DocsRenderer-3PUGWF3O-80290150.js              1.70 kB │ gzip:   0.86 kB │ map:     5.19 kB
../../../var/folders/b4/8rd3hr7j13vdx2xvgxs4rwjm0000gn/T/chromatic--16704-7B5A72nHS7HD/assets/config-852bb64e.js                             1.89 kB │ gzip:   1.06 kB │ map:     8.69 kB
../../../var/folders/b4/8rd3hr7j13vdx2xvgxs4rwjm0000gn/T/chromatic--16704-7B5A72nHS7HD/assets/preview-bed967c6.js                            2.38 kB │ gzip:   1.24 kB │ map:    11.25 kB
../../../var/folders/b4/8rd3hr7j13vdx2xvgxs4rwjm0000gn/T/chromatic--16704-7B5A72nHS7HD/assets/index-d37d4223.js                              2.63 kB │ gzip:   1.30 kB │ map:     7.49 kB
../../../var/folders/b4/8rd3hr7j13vdx2xvgxs4rwjm0000gn/T/chromatic--16704-7B5A72nHS7HD/assets/preview-15309724.js                            3.22 kB │ gzip:   1.39 kB │ map:    10.20 kB
../../../var/folders/b4/8rd3hr7j13vdx2xvgxs4rwjm0000gn/T/chromatic--16704-7B5A72nHS7HD/assets/iframe-d0dd68fe.js                             4.51 kB │ gzip:   1.64 kB │ map:     5.47 kB
../../../var/folders/b4/8rd3hr7j13vdx2xvgxs4rwjm0000gn/T/chromatic--16704-7B5A72nHS7HD/assets/store-f3f47b58.js                              4.88 kB │ gzip:   2.08 kB │ map:    24.78 kB
../../../var/folders/b4/8rd3hr7j13vdx2xvgxs4rwjm0000gn/T/chromatic--16704-7B5A72nHS7HD/assets/preview-b8d6c68d.js                            7.67 kB │ gzip:   1.59 kB │ map:    13.86 kB
../../../var/folders/b4/8rd3hr7j13vdx2xvgxs4rwjm0000gn/T/chromatic--16704-7B5A72nHS7HD/assets/preview-2059b184.js                            8.32 kB │ gzip:   3.20 kB │ map:    29.55 kB
../../../var/folders/b4/8rd3hr7j13vdx2xvgxs4rwjm0000gn/T/chromatic--16704-7B5A72nHS7HD/assets/GlobalScrollAreaStyles-UY5SB7EJ-d7dca3e4.js   14.96 kB │ gzip:   2.77 kB │ map:    21.49 kB
../../../var/folders/b4/8rd3hr7j13vdx2xvgxs4rwjm0000gn/T/chromatic--16704-7B5A72nHS7HD/assets/web-aa5d416c.js                               16.57 kB │ gzip:   6.58 kB │ map:   106.70 kB
../../../var/folders/b4/8rd3hr7j13vdx2xvgxs4rwjm0000gn/T/chromatic--16704-7B5A72nHS7HD/assets/Configure-4b69c0f5.js                         18.23 kB │ gzip:   8.22 kB │ map:    29.13 kB
../../../var/folders/b4/8rd3hr7j13vdx2xvgxs4rwjm0000gn/T/chromatic--16704-7B5A72nHS7HD/assets/preview-cfb5d776.js                           21.12 kB │ gzip:   7.00 kB │ map:    68.36 kB
../../../var/folders/b4/8rd3hr7j13vdx2xvgxs4rwjm0000gn/T/chromatic--16704-7B5A72nHS7HD/assets/OverlayScrollbars-GZGLA7DL-b5fb37c6.js        29.10 kB │ gzip:  14.28 kB │ map:   107.72 kB
../../../var/folders/b4/8rd3hr7j13vdx2xvgxs4rwjm0000gn/T/chromatic--16704-7B5A72nHS7HD/assets/Color-6VNJS4EI-d2230159.js                    30.97 kB │ gzip:  11.62 kB │ map:   112.80 kB
../../../var/folders/b4/8rd3hr7j13vdx2xvgxs4rwjm0000gn/T/chromatic--16704-7B5A72nHS7HD/assets/index-61af0a21.js                             64.34 kB │ gzip:  18.42 kB │ map:   257.63 kB
../../../var/folders/b4/8rd3hr7j13vdx2xvgxs4rwjm0000gn/T/chromatic--16704-7B5A72nHS7HD/assets/Rect.stories-0a3bfc65.js                      82.17 kB │ gzip:  29.50 kB │ map:   756.69 kB
../../../var/folders/b4/8rd3hr7j13vdx2xvgxs4rwjm0000gn/T/chromatic--16704-7B5A72nHS7HD/assets/Page.stories-5c12a018.js                     308.78 kB │ gzip:  77.46 kB │ map: 1,150.76 kB
../../../var/folders/b4/8rd3hr7j13vdx2xvgxs4rwjm0000gn/T/chromatic--16704-7B5A72nHS7HD/assets/formatter-SWP5E3XI-b68c5956.js               601.56 kB │ gzip: 185.01 kB │ map: 1,314.31 kB
../../../var/folders/b4/8rd3hr7j13vdx2xvgxs4rwjm0000gn/T/chromatic--16704-7B5A72nHS7HD/assets/index-4206cf90.js                            664.02 kB │ gzip: 216.84 kB │ map: 1,880.92 kB

(!) Some chunks are larger than 500 kBs after minification. Consider:
- Using dynamic import() to code-split the application
- Use build.rollupOptions.output.manualChunks to improve chunking: https://rollupjs.org/configuration-options/#output-manualchunks
- Adjust chunk size limit for this warning via build.chunkSizeWarningLimit.
✓ built in 9.81s
info => Output directory: /var/folders/b4/8rd3hr7j13vdx2xvgxs4rwjm0000gn/T/chromatic--16704-7B5A72nHS7HD
